2025-03-29 16:25:59,511 [INFO] Activator:176 - 


2025-03-29 16:25:59,513 [INFO] Activator:177 - !SESSION log4j initialized
2025-03-29 16:26:03,729 [INFO] LogOutputStream:77 - [STDOUT_REDIRECT] 
2025-03-29 16:26:06,130 [INFO] ApplicationProperties:184 - Using Application install path: C:\ST\STM32CubeIDE_1.18.0\STM32CubeIDE\plugins\com.st.stm32cube.common.mx_6.14.0.202502271554
2025-03-29 16:26:06,150 [INFO] DbMcusXml:78 - Set database path to: C:\ST\STM32CubeIDE_1.18.0\STM32CubeIDE\plugins\com.st.stm32cube.common.mx_6.14.0.202502271554\\db\/mcu/
2025-03-29 16:26:06,150 [INFO] ApiDb:274 - Set plugin database path to: C:\ST\STM32CubeIDE_1.18.0\STM32CubeIDE\plugins\com.st.stm32cube.common.mx_6.14.0.202502271554\\db\/plugins/boardmanager/
2025-03-29 16:26:06,151 [WARN] ApiDb:259 - Overriding images path with different value:  => C:\ST\STM32CubeIDE_1.18.0\STM32CubeIDE\plugins\com.st.stm32cube.common.mx_6.14.0.202502271554\\db\/plugins/mcufinder/images/
2025-03-29 16:26:06,161 [INFO] ApiDb:250 - Set database path to: C:\Users\hatha\.stmcufinder\plugins\mcufinder//mcu/
2025-03-29 16:26:06,162 [INFO] DbMcusAds:125 - Set database path to: C:\Users\hatha\.stmcufinder\plugins\mcufinder//mcu/
2025-03-29 16:26:06,164 [INFO] CrossReferenceDbSqlite:203 - Set database path to: C:\Users\hatha\.stmcufinder\plugins\mcufinder//mcu/cs/
2025-03-29 16:26:06,312 [INFO] RulesReader:64 - Compatibility file has been processed (301 Rules)
2025-03-29 16:26:06,426 [INFO] DbMcusXml:78 - Set database path to: C:\ST\STM32CubeIDE_1.18.0\STM32CubeIDE\plugins\com.st.stm32cube.common.mx_6.14.0.202502271554\\db\/mcu/
2025-03-29 16:26:06,426 [INFO] ApiDb:274 - Set plugin database path to: C:\ST\STM32CubeIDE_1.18.0\STM32CubeIDE\plugins\com.st.stm32cube.common.mx_6.14.0.202502271554\\db\/plugins/boardmanager/
2025-03-29 16:26:06,427 [INFO] ApiDb:261 - Set plugin images path to: C:\ST\STM32CubeIDE_1.18.0\STM32CubeIDE\plugins\com.st.stm32cube.common.mx_6.14.0.202502271554\\db\/plugins/mcufinder/images/
2025-03-29 16:26:06,427 [WARN] DbFile:41 - Overriding database path with different value: C:\Users\hatha\.stmcufinder\plugins\mcufinder/ => C:\Users\hatha\.stmcufinder\plugins\mcufinder
2025-03-29 16:26:06,427 [INFO] ApiDb:250 - Set database path to: C:\Users\hatha\.stmcufinder\plugins\mcufinder//mcu/
2025-03-29 16:26:06,427 [WARN] DbFile:41 - Overriding database path with different value: C:\Users\hatha\.stmcufinder\plugins\mcufinder/ => C:\Users\hatha\.stmcufinder\plugins\mcufinder
2025-03-29 16:26:06,427 [INFO] DbMcusAds:125 - Set database path to: C:\Users\hatha\.stmcufinder\plugins\mcufinder//mcu/
2025-03-29 16:26:06,427 [WARN] DbFile:41 - Overriding database path with different value: C:\Users\hatha\.stmcufinder\plugins\mcufinder/ => C:\Users\hatha\.stmcufinder\plugins\mcufinder
2025-03-29 16:26:06,427 [WARN] DbFile:41 - Overriding database path with different value: C:\Users\hatha\.stmcufinder\plugins\mcufinder/ => C:\Users\hatha\.stmcufinder\plugins\mcufinder
2025-03-29 16:26:06,427 [INFO] CrossReferenceDbSqlite:203 - Set database path to: C:\Users\hatha\.stmcufinder\plugins\mcufinder//mcu/cs/
2025-03-29 16:26:06,531 [INFO] MainPanel:272 - HeapMemory: 268435456
2025-03-29 16:26:06,661 [INFO] DbMcusXml:78 - Set database path to: C:\ST\STM32CubeIDE_1.18.0\STM32CubeIDE\plugins\com.st.stm32cube.common.mx_6.14.0.202502271554\\db\/mcu/
2025-03-29 16:26:06,661 [INFO] ApiDb:274 - Set plugin database path to: C:\ST\STM32CubeIDE_1.18.0\STM32CubeIDE\plugins\com.st.stm32cube.common.mx_6.14.0.202502271554\\db\/plugins/boardmanager/
2025-03-29 16:26:06,661 [INFO] ApiDb:261 - Set plugin images path to: C:\ST\STM32CubeIDE_1.18.0\STM32CubeIDE\plugins\com.st.stm32cube.common.mx_6.14.0.202502271554\\db\/plugins/mcufinder/images/
2025-03-29 16:26:06,662 [WARN] DbFile:41 - Overriding database path with different value: C:\Users\hatha\.stmcufinder\plugins\mcufinder/ => C:\Users\hatha\.stmcufinder\plugins\mcufinder
2025-03-29 16:26:06,662 [INFO] ApiDb:250 - Set database path to: C:\Users\hatha\.stmcufinder\plugins\mcufinder//mcu/
2025-03-29 16:26:06,662 [WARN] DbFile:41 - Overriding database path with different value: C:\Users\hatha\.stmcufinder\plugins\mcufinder/ => C:\Users\hatha\.stmcufinder\plugins\mcufinder
2025-03-29 16:26:06,662 [INFO] DbMcusAds:125 - Set database path to: C:\Users\hatha\.stmcufinder\plugins\mcufinder//mcu/
2025-03-29 16:26:06,662 [WARN] DbFile:41 - Overriding database path with different value: C:\Users\hatha\.stmcufinder\plugins\mcufinder/ => C:\Users\hatha\.stmcufinder\plugins\mcufinder
2025-03-29 16:26:06,662 [WARN] DbFile:41 - Overriding database path with different value: C:\Users\hatha\.stmcufinder\plugins\mcufinder/ => C:\Users\hatha\.stmcufinder\plugins\mcufinder
2025-03-29 16:26:06,662 [INFO] CrossReferenceDbSqlite:203 - Set database path to: C:\Users\hatha\.stmcufinder\plugins\mcufinder//mcu/cs/
2025-03-29 16:26:06,683 [INFO] ApplicationProperties:184 - Using Application install path: C:\ST\STM32CubeIDE_1.18.0\STM32CubeIDE\plugins\com.st.stm32cube.common.mx_6.14.0.202502271554
2025-03-29 16:26:06,686 [INFO] PluginManage:196 - Search for loadable plugins [exclusion list=, ]
2025-03-29 16:26:06,688 [INFO] PluginManage:310 - Check plugin analytics
2025-03-29 16:26:06,916 [INFO] AnalyticsPlugin:253 - Accepted Software Licenses: 
2025-03-29 16:26:06,917 [INFO] AnalyticsPlugin:255 - Accepted CMSIS Pack Licenses: 
2025-03-29 16:26:06,917 [INFO] AnalyticsPlugin:257 - Accepted Firmware Licenses: 
2025-03-29 16:26:06,920 [INFO] PluginManage:359 - Loaded plugin analytics (category:tool,tabindex:-1)
2025-03-29 16:26:06,922 [INFO] PluginManage:310 - Check plugin cadmodel
2025-03-29 16:26:06,947 [INFO] CADModel:105 - Init CAD model plugin
2025-03-29 16:26:06,948 [INFO] PluginManage:359 - Loaded plugin cadmodel (category:power,tabindex:5)
2025-03-29 16:26:06,948 [INFO] PluginManage:310 - Check plugin clock
2025-03-29 16:26:06,979 [INFO] PluginManage:359 - Loaded plugin clock (category:base,tabindex:2)
2025-03-29 16:26:06,980 [INFO] PluginManage:310 - Check plugin ddr
2025-03-29 16:26:06,984 [INFO] PluginManage:359 - Loaded plugin ddr (category:tool,tabindex:6)
2025-03-29 16:26:06,985 [INFO] PluginManage:310 - Check plugin filemanager
2025-03-29 16:26:07,282 [INFO] PluginManage:359 - Loaded plugin filemanager (category:base,tabindex:10)
2025-03-29 16:26:07,282 [INFO] PluginManage:310 - Check plugin ipmanager
2025-03-29 16:26:07,293 [INFO] PluginManage:359 - Loaded plugin ipmanager (category:base,tabindex:5)
2025-03-29 16:26:07,294 [INFO] PluginManage:310 - Check plugin lpbam
2025-03-29 16:26:07,319 [INFO] PluginManage:359 - Loaded plugin lpbam (category:base,tabindex:0)
2025-03-29 16:26:07,319 [INFO] PluginManage:310 - Check plugin memorymap
2025-03-29 16:26:07,345 [INFO] PluginManage:359 - Loaded plugin memorymap (category:base,tabindex:4)
2025-03-29 16:26:07,346 [INFO] PluginManage:310 - Check plugin pinoutandconfiguration
2025-03-29 16:26:07,372 [INFO] PluginManage:359 - Loaded plugin pinoutandconfiguration (category:base,tabindex:1)
2025-03-29 16:26:07,372 [INFO] PluginManage:310 - Check plugin pinoutconfig
2025-03-29 16:26:07,478 [WARN] SupportedApi:132 - Cannot load RTOS API schema: s4s-elt-must-match.1: The content of 'definitions' must match (annotation?, (simpleType | complexType)?, (unique | key | keyref)*)). A problem was found starting at: attribute.
2025-03-29 16:26:07,629 [INFO] PluginManage:359 - Loaded plugin pinoutconfig (category:base,tabindex:0)
2025-03-29 16:26:07,630 [INFO] PluginManage:310 - Check plugin power
2025-03-29 16:26:07,657 [INFO] PluginManage:359 - Loaded plugin power (category:power,tabindex:4)
2025-03-29 16:26:07,658 [INFO] PluginManage:310 - Check plugin projectmanager
2025-03-29 16:26:07,676 [INFO] PluginManage:359 - Loaded plugin projectmanager (category:projectmanager,tabindex:4)
2025-03-29 16:26:07,676 [INFO] PluginManage:310 - Check plugin rif
2025-03-29 16:26:07,697 [INFO] PluginManage:359 - Loaded plugin rif (category:base,tabindex:3)
2025-03-29 16:26:07,697 [INFO] PluginManage:310 - Check plugin thirdparty
2025-03-29 16:26:08,017 [WARN] IntegrityCheckThread:84 - waiting for thirdparty lock release [integrity check]
2025-03-29 16:26:08,017 [INFO] PluginManage:359 - Loaded plugin thirdparty (category:base,tabindex:-1)
2025-03-29 16:26:08,017 [INFO] IntegrityCheckThread:86 - entering critical section [integrity check]
2025-03-29 16:26:08,018 [INFO] PluginManage:310 - Check plugin tools
2025-03-29 16:26:08,018 [INFO] ThirdPartyUpdaterWithRetryManager:70 - Updater plugin not ready yet. [1/15]
2025-03-29 16:26:08,097 [INFO] PluginManage:359 - Loaded plugin tools (category:base,tabindex:7)
2025-03-29 16:26:08,098 [INFO] PluginManage:310 - Check plugin tutovideos
2025-03-29 16:26:08,307 [INFO] PluginManage:359 - Loaded plugin tutovideos (category:base,tabindex:-1)
2025-03-29 16:26:08,307 [INFO] PluginManage:310 - Check plugin updater
2025-03-29 16:26:08,330 [INFO] PluginManage:359 - Loaded plugin updater (category:base,tabindex:12)
2025-03-29 16:26:08,330 [INFO] PluginManage:310 - Check plugin userauth
2025-03-29 16:26:08,336 [INFO] UserAuth:118 - Init User Auth plugin
2025-03-29 16:26:08,336 [INFO] PluginManage:359 - Loaded plugin userauth (category:base,tabindex:14)
2025-03-29 16:26:08,337 [INFO] PluginManage:283 - PluginManage : Loaded plugins [18]
2025-03-29 16:26:08,567 [INFO] PinOutPanel:1589 - setPackage(No Configuration,No Configuration)
2025-03-29 16:26:08,665 [INFO] CADModel:165 - CPN selected for project level
2025-03-29 16:26:08,665 [INFO] CADModel:114 - Register for checkConnection events
2025-03-29 16:26:08,725 [INFO] IPUIPlugin:80 - create IPUIPlugin
2025-03-29 16:26:08,725 [INFO] PluginManager:220 - loadIPPluginJar : add adc
2025-03-29 16:26:08,822 [INFO] IPUIPlugin:80 - create IPUIPlugin
2025-03-29 16:26:08,824 [INFO] PluginManager:220 - loadIPPluginJar : add aes
2025-03-29 16:26:08,908 [INFO] IPUIPlugin:80 - create IPUIPlugin
2025-03-29 16:26:08,908 [INFO] PluginManager:220 - loadIPPluginJar : add can
2025-03-29 16:26:08,956 [INFO] IPUIPlugin:80 - create IPUIPlugin
2025-03-29 16:26:08,956 [INFO] PluginManager:220 - loadIPPluginJar : add comp
2025-03-29 16:26:09,032 [INFO] IPUIPlugin:80 - create IPUIPlugin
2025-03-29 16:26:09,032 [INFO] PluginManager:220 - loadIPPluginJar : add cryp
2025-03-29 16:26:09,087 [INFO] IPUIPlugin:80 - create IPUIPlugin
2025-03-29 16:26:09,088 [INFO] PluginManager:220 - loadIPPluginJar : add ddr_ctrl_phy
2025-03-29 16:26:09,175 [INFO] IPUIPlugin:80 - create IPUIPlugin
2025-03-29 16:26:09,175 [INFO] PluginManager:220 - loadIPPluginJar : add dfsdm
2025-03-29 16:26:09,264 [INFO] IPUIPlugin:80 - create IPUIPlugin
2025-03-29 16:26:09,266 [INFO] PluginManager:220 - loadIPPluginJar : add dma
2025-03-29 16:26:09,368 [INFO] IPUIPlugin:80 - create IPUIPlugin
2025-03-29 16:26:09,368 [INFO] PluginManager:220 - loadIPPluginJar : add dma3
2025-03-29 16:26:09,464 [INFO] IPUIPlugin:80 - create IPUIPlugin
2025-03-29 16:26:09,464 [INFO] PluginManager:220 - loadIPPluginJar : add extmemmanager
2025-03-29 16:26:09,506 [INFO] IPUIPlugin:80 - create IPUIPlugin
2025-03-29 16:26:09,506 [INFO] PluginManager:220 - loadIPPluginJar : add fatfs
2025-03-29 16:26:09,607 [INFO] IPUIPlugin:80 - create IPUIPlugin
2025-03-29 16:26:09,607 [INFO] PluginManager:220 - loadIPPluginJar : add fmc
2025-03-29 16:26:09,642 [INFO] IPUIPlugin:80 - create IPUIPlugin
2025-03-29 16:26:09,643 [INFO] PluginManager:220 - loadIPPluginJar : add freertos
2025-03-29 16:26:09,678 [INFO] IPUIPlugin:80 - create IPUIPlugin
2025-03-29 16:26:09,678 [INFO] PluginManager:220 - loadIPPluginJar : add genericplugin
2025-03-29 16:26:09,840 [INFO] IPUIPlugin:80 - create IPUIPlugin
2025-03-29 16:26:09,840 [INFO] PluginManager:220 - loadIPPluginJar : add gfxmmu
2025-03-29 16:26:10,048 [INFO] IPUIPlugin:80 - create IPUIPlugin
2025-03-29 16:26:10,048 [INFO] PluginManager:220 - loadIPPluginJar : add gic
2025-03-29 16:26:10,071 [INFO] IPUIPlugin:80 - create IPUIPlugin
2025-03-29 16:26:10,071 [INFO] PluginManager:220 - loadIPPluginJar : add gpio
2025-03-29 16:26:10,207 [INFO] IPUIPlugin:80 - create IPUIPlugin
2025-03-29 16:26:10,208 [INFO] PluginManager:220 - loadIPPluginJar : add gtzc
2025-03-29 16:26:10,257 [INFO] IPUIPlugin:80 - create IPUIPlugin
2025-03-29 16:26:10,257 [INFO] PluginManager:220 - loadIPPluginJar : add hash
2025-03-29 16:26:10,335 [INFO] IPUIPlugin:80 - create IPUIPlugin
2025-03-29 16:26:10,335 [INFO] PluginManager:220 - loadIPPluginJar : add i2c
2025-03-29 16:26:10,391 [INFO] IPUIPlugin:80 - create IPUIPlugin
2025-03-29 16:26:10,391 [INFO] PluginManager:220 - loadIPPluginJar : add i2s
2025-03-29 16:26:10,452 [INFO] IPUIPlugin:80 - create IPUIPlugin
2025-03-29 16:26:10,452 [INFO] PluginManager:220 - loadIPPluginJar : add i3c
2025-03-29 16:26:10,596 [INFO] IPUIPlugin:80 - create IPUIPlugin
2025-03-29 16:26:10,596 [INFO] PluginManager:220 - loadIPPluginJar : add ipddr
2025-03-29 16:26:10,737 [INFO] IPUIPlugin:80 - create IPUIPlugin
2025-03-29 16:26:10,737 [INFO] PluginManager:220 - loadIPPluginJar : add linkedlist
2025-03-29 16:26:10,786 [INFO] IPUIPlugin:80 - create IPUIPlugin
2025-03-29 16:26:10,786 [INFO] PluginManager:220 - loadIPPluginJar : add lorawan
2025-03-29 16:26:10,836 [INFO] IPUIPlugin:80 - create IPUIPlugin
2025-03-29 16:26:10,836 [INFO] PluginManager:220 - loadIPPluginJar : add ltdc
2025-03-29 16:26:10,857 [INFO] IPUIPlugin:80 - create IPUIPlugin
2025-03-29 16:26:10,857 [INFO] PluginManager:220 - loadIPPluginJar : add mdma
2025-03-29 16:26:10,874 [INFO] IPUIPlugin:80 - create IPUIPlugin
2025-03-29 16:26:10,874 [INFO] PluginManager:220 - loadIPPluginJar : add nvic
2025-03-29 16:26:10,932 [INFO] IPUIPlugin:80 - create IPUIPlugin
2025-03-29 16:26:10,932 [INFO] PluginManager:220 - loadIPPluginJar : add opamp
2025-03-29 16:26:11,021 [INFO] ThirdPartyUpdaterWithRetryManager:70 - Updater plugin not ready yet. [2/15]
2025-03-29 16:26:11,022 [INFO] IPUIPlugin:80 - create IPUIPlugin
2025-03-29 16:26:11,022 [INFO] PluginManager:220 - loadIPPluginJar : add openamp
2025-03-29 16:26:11,085 [INFO] IPUIPlugin:80 - create IPUIPlugin
2025-03-29 16:26:11,085 [INFO] PluginManager:220 - loadIPPluginJar : add pdm2pcm
2025-03-29 16:26:11,105 [INFO] IPUIPlugin:80 - create IPUIPlugin
2025-03-29 16:26:11,108 [INFO] PluginManager:220 - loadIPPluginJar : add plateformsettings
2025-03-29 16:26:11,142 [INFO] IPUIPlugin:80 - create IPUIPlugin
2025-03-29 16:26:11,143 [INFO] PluginManager:220 - loadIPPluginJar : add quadspi
2025-03-29 16:26:11,181 [INFO] IPUIPlugin:80 - create IPUIPlugin
2025-03-29 16:26:11,183 [INFO] PluginManager:220 - loadIPPluginJar : add radio
2025-03-29 16:26:11,202 [INFO] IPUIPlugin:80 - create IPUIPlugin
2025-03-29 16:26:11,203 [INFO] PluginManager:220 - loadIPPluginJar : add resmgrutility
2025-03-29 16:26:11,273 [INFO] IPUIPlugin:80 - create IPUIPlugin
2025-03-29 16:26:11,274 [INFO] PluginManager:220 - loadIPPluginJar : add sai
2025-03-29 16:26:11,331 [INFO] IPUIPlugin:80 - create IPUIPlugin
2025-03-29 16:26:11,331 [INFO] PluginManager:220 - loadIPPluginJar : add spi
2025-03-29 16:26:11,445 [INFO] IPUIPlugin:80 - create IPUIPlugin
2025-03-29 16:26:11,445 [INFO] PluginManager:220 - loadIPPluginJar : add stm32_wpan
2025-03-29 16:26:11,483 [INFO] IPUIPlugin:80 - create IPUIPlugin
2025-03-29 16:26:11,483 [INFO] PluginManager:220 - loadIPPluginJar : add tim
2025-03-29 16:26:11,580 [INFO] IPUIPlugin:80 - create IPUIPlugin
2025-03-29 16:26:11,580 [INFO] PluginManager:220 - loadIPPluginJar : add touchsensing
2025-03-29 16:26:11,618 [INFO] IPUIPlugin:80 - create IPUIPlugin
2025-03-29 16:26:11,618 [INFO] PluginManager:220 - loadIPPluginJar : add tracer_emb
2025-03-29 16:26:11,657 [INFO] IPUIPlugin:80 - create IPUIPlugin
2025-03-29 16:26:11,657 [INFO] PluginManager:220 - loadIPPluginJar : add ts
2025-03-29 16:26:11,695 [INFO] IPUIPlugin:80 - create IPUIPlugin
2025-03-29 16:26:11,695 [INFO] PluginManager:220 - loadIPPluginJar : add tsc
2025-03-29 16:26:11,728 [INFO] IPUIPlugin:80 - create IPUIPlugin
2025-03-29 16:26:11,729 [INFO] PluginManager:220 - loadIPPluginJar : add ucpd
2025-03-29 16:26:11,796 [INFO] IPUIPlugin:80 - create IPUIPlugin
2025-03-29 16:26:11,796 [INFO] PluginManager:220 - loadIPPluginJar : add usart
2025-03-29 16:26:11,868 [INFO] IPUIPlugin:80 - create IPUIPlugin
2025-03-29 16:26:11,869 [INFO] PluginManager:220 - loadIPPluginJar : add usbx
2025-03-29 16:26:12,030 [FATAL] Updater:351 - Updater called before beeing initialized
2025-03-29 16:26:12,066 [INFO] RulesReader:64 - Compatibility file has been processed (301 Rules)
2025-03-29 16:26:12,084 [INFO] RulesReader:64 - Compatibility file has been processed (301 Rules)
2025-03-29 16:26:12,094 [INFO] CADModel:165 - CPN selected for project level
2025-03-29 16:26:12,094 [INFO] CADModel:114 - Register for checkConnection events
2025-03-29 16:26:12,094 [FATAL] Updater:351 - Updater called before beeing initialized
2025-03-29 16:26:12,095 [ERROR] CADModel:125 - Updater not yet initialized, retry later 
2025-03-29 16:26:12,304 [FATAL] Updater:351 - Updater called before beeing initialized
2025-03-29 16:26:12,306 [INFO] CADModel:165 - CPN selected for project level
2025-03-29 16:26:12,306 [INFO] CADModel:114 - Register for checkConnection events
2025-03-29 16:26:12,306 [FATAL] Updater:351 - Updater called before beeing initialized
2025-03-29 16:26:12,306 [ERROR] CADModel:125 - Updater not yet initialized, retry later 
2025-03-29 16:26:12,311 [FATAL] Updater:351 - Updater called before beeing initialized
2025-03-29 16:26:12,448 [FATAL] Updater:351 - Updater called before beeing initialized
2025-03-29 16:26:12,465 [INFO] DbMcusAds:53 - JSON generation date=Thu Sep 30 13:55:09 ICT 2021 (1632984909247)
2025-03-29 16:26:12,466 [FATAL] Updater:351 - Updater called before beeing initialized
2025-03-29 16:26:12,519 [WARN] DetailPanel:346 - Failed to get advertising image, set to default
2025-03-29 16:26:12,926 [FATAL] Updater:351 - Updater called before beeing initialized
2025-03-29 16:26:12,929 [FATAL] Updater:351 - Updater called before beeing initialized
2025-03-29 16:26:12,930 [FATAL] Updater:351 - Updater called before beeing initialized
2025-03-29 16:26:12,930 [WARN] DetailPanel:346 - Failed to get advertising image, set to default
2025-03-29 16:26:12,930 [FATAL] Updater:351 - Updater called before beeing initialized
2025-03-29 16:26:13,011 [ERROR] Updater:1198 - MainUpdater not yet initialized. External WinMGr cannot be set.
2025-03-29 16:26:13,025 [INFO] Updater:1134 - Updater Version found : 6.14.0
2025-03-29 16:26:13,052 [INFO] ApplicationProperties:184 - Using Application install path: C:\ST\STM32CubeIDE_1.18.0\STM32CubeIDE\plugins\com.st.stm32cube.common.mx_6.14.0.202502271554
2025-03-29 16:26:14,023 [INFO] ThirdPartyUpdaterWithRetryManager:70 - Updater plugin not ready yet. [3/15]
2025-03-29 16:26:14,647 [ERROR] LogOutputStream:75 - [STDERR_REDIRECT] Mar 29, 2025 4:26:14 PM java.util.prefs.WindowsPreferences <init>
2025-03-29 16:26:14,652 [ERROR] LogOutputStream:75 - [STDERR_REDIRECT] WARNING: Could not open/create prefs root node Software\JavaSoft\Prefs at root 0xffffffff80000002. Windows RegCreateKeyEx(...) returned error code 5.
2025-03-29 16:26:14,653 [ERROR] LogOutputStream:75 - [STDERR_REDIRECT] 
2025-03-29 16:26:15,007 [INFO] MainUpdater:2872 - connection check result : 10
2025-03-29 16:26:15,008 [INFO] MainUpdater:3566 - Updater definition file requires update
2025-03-29 16:26:15,009 [INFO] MainUpdater:289 - Updater Check For Update Now.
2025-03-29 16:26:15,009 [INFO] MicroXplorer:498 - Change Database Version : DB.6.0.140
2025-03-29 16:26:15,035 [INFO] McuFinderGlobals:63 - Set McuFinder mode to 2 (CubeIDE integrated)
2025-03-29 16:26:15,036 [INFO] UserAuth:171 - activating auth plugin
2025-03-29 16:26:15,040 [INFO] UserAuth:486 - Internet connection configuration mode: 1
2025-03-29 16:26:15,045 [INFO] ServerAccessManage:473 - Download File updaters.zip
2025-03-29 16:26:15,085 [INFO] JxBrowserEngine:152 - Initiate JxBrowser Engine with user profile folder
2025-03-29 16:26:15,161 [INFO] FileExtend:242 - Unzip File : updaters.zip
2025-03-29 16:26:15,161 [INFO] FileExtend:257 - Standard Zip Deflate
2025-03-29 16:26:16,155 [INFO] ServerAccessManage:473 - Download File PacksControlFlags.xml
2025-03-29 16:26:16,324 [INFO] ServerAccessManage:473 - Download File cubemx.pidx
2025-03-29 16:26:17,029 [WARN] MainUpdater:1193 - Updater busy. Cannot search thirdparties
2025-03-29 16:26:17,029 [INFO] ThirdPartyUpdaterWithRetryManager:96 - Updater plugin is busy. [1/15]
2025-03-29 16:26:17,240 [INFO] ServerAccessManage:473 - Download File STMicroelectronics.FP-SNS-FLIGHT1.pdsc
2025-03-29 16:26:18,105 [INFO] ServerAccessManage:473 - Download File STMicroelectronics.X-CUBE-DPOWER.pdsc
2025-03-29 16:26:18,278 [ERROR] ServerAccessManage:1089 - Problem, file not found on Server
2025-03-29 16:26:18,330 [ERROR] ServerAccessManage:1089 - Problem, file not found on Server
2025-03-29 16:26:18,447 [ERROR] ServerAccessManage:1089 - Problem, file not found on Server
2025-03-29 16:26:18,760 [ERROR] ServerAccessManage:1089 - Problem, file not found on Server
2025-03-29 16:26:19,603 [INFO] WebApp:169 - Instantiating new browser for Auth
2025-03-29 16:26:19,606 [ERROR] ServerAccessManage:1089 - Problem, file not found on Server
2025-03-29 16:26:20,030 [WARN] MainUpdater:1193 - Updater busy. Cannot search thirdparties
2025-03-29 16:26:20,030 [INFO] ThirdPartyUpdaterWithRetryManager:96 - Updater plugin is busy. [2/15]
2025-03-29 16:26:20,446 [ERROR] ServerAccessManage:1089 - Problem, file not found on Server
2025-03-29 16:26:21,286 [ERROR] ServerAccessManage:1089 - Problem, file not found on Server
2025-03-29 16:26:21,354 [INFO] WebApp:463 - Apply proxy settings
2025-03-29 16:26:21,356 [INFO] WebApp:548 - Chromium requires no authentication
2025-03-29 16:26:21,406 [INFO] WebApp:491 - Direct internet connection detected
2025-03-29 16:26:21,502 [INFO] WebApp:894 - Register for checkConnection events
2025-03-29 16:26:21,502 [INFO] WebApp:463 - Apply proxy settings
2025-03-29 16:26:21,503 [INFO] WebApp:548 - Chromium requires no authentication
2025-03-29 16:26:21,503 [INFO] WebApp:491 - Direct internet connection detected
2025-03-29 16:26:21,911 [INFO] WebApp:191 - Connection restablished
2025-03-29 16:26:21,986 [INFO] WebApp:225 - Starting web application
2025-03-29 16:26:21,987 [INFO] WebApp:593 - Web application path used C:\ST\STM32CubeIDE_1.18.0\STM32CubeIDE\plugins\com.st.stm32cube.common.mx_6.14.0.202502271554\db\plugins\mcufinder\reactClient1\index.html
2025-03-29 16:26:22,131 [ERROR] ServerAccessManage:1089 - Problem, file not found on Server
2025-03-29 16:26:22,978 [ERROR] ServerAccessManage:1089 - Problem, file not found on Server
2025-03-29 16:26:23,031 [WARN] MainUpdater:1193 - Updater busy. Cannot search thirdparties
2025-03-29 16:26:23,032 [INFO] ThirdPartyUpdaterWithRetryManager:96 - Updater plugin is busy. [3/15]
2025-03-29 16:26:23,818 [ERROR] ServerAccessManage:1089 - Problem, file not found on Server
2025-03-29 16:26:24,657 [ERROR] ServerAccessManage:1089 - Problem, file not found on Server
2025-03-29 16:26:25,670 [INFO] ServerAccessManage:473 - Download File STMicroelectronics.X-CUBE-AZRTOS-H7RS.pdsc
2025-03-29 16:26:26,033 [WARN] MainUpdater:1193 - Updater busy. Cannot search thirdparties
2025-03-29 16:26:26,033 [INFO] ThirdPartyUpdaterWithRetryManager:96 - Updater plugin is busy. [4/15]
2025-03-29 16:26:26,771 [WARN] PackLoader:240 - Cannot read IP mode file for STMicroelectronics.FP-SNS-FLIGHT1.5.1.0
2025-03-29 16:26:26,789 [WARN] PackLoader:240 - Cannot read IP mode file for STMicroelectronics.X-CUBE-DPower.1.3.0
2025-03-29 16:26:26,842 [WARN] PackLoader:240 - Cannot read IP mode file for STMicroelectronics.X-CUBE-AZRTOS-H7RS.1.1.0
2025-03-29 16:26:26,851 [INFO] PopulateThirdPartyThread:66 - Ending populate Thread
2025-03-29 16:26:26,853 [INFO] ThirdParty:1030 - CMSIS Pack Vendor :STMicroelectronics FP-SNS-FLIGHT1 5.1.0
2025-03-29 16:26:26,853 [INFO] ThirdParty:1030 - CMSIS Pack Vendor :STMicroelectronics X-CUBE-DPower 1.3.0
2025-03-29 16:26:26,853 [INFO] ThirdParty:1030 - CMSIS Pack Vendor :STMicroelectronics X-CUBE-AZRTOS-H7RS 1.1.0
2025-03-29 16:26:26,853 [INFO] LoadServerUpdatesThread:375 - End of LoadServerUpdate Thread
2025-03-29 16:26:26,941 [INFO] CheckServerUpdateThread:120 - End of CheckServer Thread
2025-03-29 16:26:29,250 [WARN] PackLoader:240 - Cannot read IP mode file for STMicroelectronics.FP-SNS-MOTENVWB1.1.4.0
2025-03-29 16:26:29,257 [WARN] PackLoader:240 - Cannot read IP mode file for STMicroelectronics.FP-ATR-ASTRA1.2.0.2
2025-03-29 16:26:29,276 [WARN] PackLoader:240 - Cannot read IP mode file for STMicroelectronics.X-CUBE-SMBUS.2.1.0
2025-03-29 16:26:29,300 [WARN] PackLoader:240 - Cannot read IP mode file for STMicroelectronics.X-CUBE-WB05N.1.1.0
2025-03-29 16:26:29,338 [WARN] PackLoader:240 - Cannot read IP mode file for STMicroelectronics.X-CUBE-AZRTOS-F7.1.1.0
2025-03-29 16:26:29,349 [WARN] PackLoader:240 - Cannot read IP mode file for STMicroelectronics.FP-SNS-FLIGHT1.5.0.2
2025-03-29 16:26:29,389 [WARN] PackLoader:240 - Cannot read IP mode file for Infineon.AIROC-Wi-Fi-Bluetooth-STM32.1.7.0
2025-03-29 16:26:29,416 [WARN] PackLoader:240 - Cannot read IP mode file for STMicroelectronics.X-CUBE-DISPLAY.3.0.0
2025-03-29 16:26:29,439 [WARN] PackLoader:240 - Cannot read IP mode file for STMicroelectronics.X-CUBE-NFC10.1.0.0
2025-03-29 16:26:29,464 [WARN] PackLoader:240 - Cannot read IP mode file for STMicroelectronics.X-CUBE-BLEMGR.4.0.0
2025-03-29 16:26:29,528 [WARN] PackLoader:240 - Cannot read IP mode file for emotas.I-CUBE-CANOPEN.1.3.0
2025-03-29 16:26:29,537 [WARN] ConditionMgr:438 - getConditionDescription Invalid condition id : Cortex-A Device cause : null
2025-03-29 16:26:29,569 [WARN] ConditionMgr:1044 - genDependencies : Invalid condition id : Cortex-A Device cause : null
2025-03-29 16:26:29,569 [WARN] ConditionMgr:1044 - genDependencies : Invalid condition id : Cortex-A Device cause : null
2025-03-29 16:26:29,569 [WARN] ConditionMgr:1044 - genDependencies : Invalid condition id : Cortex-A Device cause : null
2025-03-29 16:26:29,586 [WARN] PackLoader:240 - Cannot read IP mode file for STMicroelectronics.X-CUBE-AI.10.0.0
2025-03-29 16:26:29,603 [WARN] PackLoader:240 - Cannot read IP mode file for STMicroelectronics.FP-SNS-SMARTAG2.1.2.0
2025-03-29 16:26:29,610 [WARN] PackLoader:240 - Cannot read IP mode file for STMicroelectronics.FP-SNS-FLIGHT1.5.1.0
2025-03-29 16:26:29,722 [WARN] PackLoader:240 - Cannot read IP mode file for STMicroelectronics.X-CUBE-MEMS1.11.1.0
2025-03-29 16:26:29,870 [INFO] LogOutputStream:77 - [STDOUT_REDIRECT] 1 : Invalid condition id : UX_CORESTACK_Condition cause : null
2025-03-29 16:26:29,871 [INFO] LogOutputStream:77 - [STDOUT_REDIRECT] 1 : Invalid condition id : UX_CORESTACK_Condition cause : null
2025-03-29 16:26:29,872 [INFO] LogOutputStream:77 - [STDOUT_REDIRECT] 1 : Invalid condition id : UX_CORESTACK_Condition cause : null
2025-03-29 16:26:29,873 [INFO] LogOutputStream:77 - [STDOUT_REDIRECT] 1 : Invalid condition id : UX_CORESTACK_Condition cause : null
2025-03-29 16:26:29,874 [INFO] LogOutputStream:77 - [STDOUT_REDIRECT] 1 : Invalid condition id : UX_CORESTACK_Condition cause : null
2025-03-29 16:26:29,876 [WARN] PackLoader:240 - Cannot read IP mode file for STMicroelectronics.X-CUBE-AZRTOS-WL.2.0.0
2025-03-29 16:26:29,892 [WARN] PackLoader:240 - Cannot read IP mode file for STMicroelectronics.FP-SNS-MOTENV1.5.0.0
2025-03-29 16:26:29,911 [WARN] PackLoader:240 - Cannot read IP mode file for WES.I-CUBE-Cesium.1.3.0
2025-03-29 16:26:29,925 [WARN] PackLoader:240 - Cannot read IP mode file for STMicroelectronics.X-CUBE-BLE2.3.3.0
2025-03-29 16:26:29,943 [WARN] PackLoader:240 - Cannot read IP mode file for STMicroelectronics.X-CUBE-NFC9.1.0.0
2025-03-29 16:26:29,960 [WARN] PackLoader:240 - Cannot read IP mode file for STMicroelectronics.X-CUBE-BLE1.7.1.0
2025-03-29 16:26:29,968 [WARN] PackLoader:240 - Cannot read IP mode file for wolfSSL.I-CUBE-wolfMQTT.1.19.2
2025-03-29 16:26:29,998 [WARN] PackLoader:240 - Cannot read IP mode file for STMicroelectronics.X-CUBE-AZRTOS-G0.1.1.0
2025-03-29 16:26:30,023 [WARN] PackLoader:240 - Cannot read IP mode file for STMicroelectronics.X-CUBE-SAFEA1.1.2.2
2025-03-29 16:26:30,047 [WARN] PackLoader:240 - Cannot read IP mode file for STMicroelectronics.X-CUBE-NFC4.3.0.0
2025-03-29 16:26:30,074 [WARN] PackLoader:240 - Cannot read IP mode file for EmbeddedOffice.I-CUBE-FS-RTOS.1.0.1
2025-03-29 16:26:30,083 [WARN] PackLoader:240 - Cannot read IP mode file for wolfSSL.I-CUBE-wolfTPM.3.8.0
2025-03-29 16:26:30,098 [WARN] PackLoader:240 - Cannot read IP mode file for STMicroelectronics.X-CUBE-TCPP.4.2.0
2025-03-29 16:26:30,113 [WARN] PackLoader:240 - Cannot read IP mode file for RealThread.X-CUBE-RT-Thread_Nano.4.1.1
2025-03-29 16:26:30,120 [WARN] PackLoader:240 - Cannot read IP mode file for STMicroelectronics.FP-ATR-SIGFOX1.3.2.0
2025-03-29 16:26:30,135 [WARN] PackLoader:240 - Cannot read IP mode file for STMicroelectronics.X-CUBE-EEPRMA1.5.1.0
2025-03-29 16:26:30,150 [WARN] PackLoader:240 - Cannot read IP mode file for wolfSSL.I-CUBE-wolfSSL.5.7.6
2025-03-29 16:26:30,166 [WARN] PackLoader:240 - Cannot read IP mode file for ITTIA_DB.I-CUBE-ITTIADB.8.9.0
2025-03-29 16:26:30,197 [WARN] PackLoader:240 - Cannot read IP mode file for SEGGER.I-CUBE-embOS.1.3.1
2025-03-29 16:26:30,240 [WARN] PackLoader:240 - Cannot read IP mode file for STMicroelectronics.X-CUBE-ALGOBUILD.1.4.0
2025-03-29 16:26:30,272 [WARN] PackLoader:240 - Cannot read IP mode file for STMicroelectronics.X-CUBE-AZRTOS-F4.1.1.0
2025-03-29 16:26:30,290 [WARN] PackLoader:240 - Cannot read IP mode file for STMicroelectronics.X-CUBE-ISPU.2.1.0
2025-03-29 16:26:30,322 [WARN] PackLoader:240 - Cannot read IP mode file for STMicroelectronics.X-CUBE-AZRTOS-L5.2.0.0
2025-03-29 16:26:30,341 [WARN] PackLoader:240 - Cannot read IP mode file for STMicroelectronics.X-CUBE-NFC6.3.1.0
2025-03-29 16:26:30,359 [WARN] PackLoader:240 - Cannot read IP mode file for STMicroelectronics.X-CUBE-DPower.1.2.0
2025-03-29 16:26:30,374 [WARN] PackLoader:240 - Cannot read IP mode file for STMicroelectronics.X-CUBE-FREERTOS.1.3.0
2025-03-29 16:26:30,391 [WARN] PackLoader:240 - Cannot read IP mode file for STMicroelectronics.X-CUBE-NFC7.1.0.1
2025-03-29 16:26:30,396 [WARN] PackLoader:240 - Cannot read IP mode file for STMicroelectronics.X-CUBE-DPower.1.3.0
2025-03-29 16:26:30,449 [WARN] ConditionMgr:438 - getConditionDescription Invalid condition id : LAN8742 Phy interface Condition cause : null
2025-03-29 16:26:30,450 [WARN] PackLoader:240 - Cannot read IP mode file for STMicroelectronics.X-CUBE-AZRTOS-L4.2.0.0
2025-03-29 16:26:30,451 [WARN] ConditionMgr:1044 - genDependencies : Invalid condition id : LAN8742 Phy interface Condition cause : null
2025-03-29 16:26:30,451 [WARN] ConditionMgr:1044 - genDependencies : Invalid condition id : LAN8742 Phy interface Condition cause : null
2025-03-29 16:26:30,452 [WARN] ConditionMgr:1044 - genDependencies : Invalid condition id : LAN8742 Phy interface Condition cause : null
2025-03-29 16:26:30,471 [WARN] PackLoader:240 - Cannot read IP mode file for STMicroelectronics.X-CUBE-SFXS2LP1.4.0.0
2025-03-29 16:26:30,508 [WARN] PackLoader:240 - Cannot read IP mode file for STMicroelectronics.X-CUBE-AZRTOS-H7.3.3.0
2025-03-29 16:26:30,542 [WARN] ConditionMgr:438 - getConditionDescription Invalid condition id : UX DEVICE CLASS RTOS Condition cause : null
2025-03-29 16:26:30,542 [WARN] ConditionMgr:438 - getConditionDescription Invalid condition id : UX DEVICE CLASS RTOS Condition cause : null
2025-03-29 16:26:30,544 [WARN] PackLoader:240 - Cannot read IP mode file for STMicroelectronics.X-CUBE-AZRTOS-WB.2.0.0
2025-03-29 16:26:30,544 [WARN] ConditionMgr:1044 - genDependencies : Invalid condition id : UX DEVICE CLASS RTOS Condition cause : null
2025-03-29 16:26:30,544 [WARN] ConditionMgr:1044 - genDependencies : Invalid condition id : UX DEVICE CLASS RTOS Condition cause : null
2025-03-29 16:26:30,545 [WARN] ConditionMgr:1044 - genDependencies : Invalid condition id : UX DEVICE CLASS RTOS Condition cause : null
2025-03-29 16:26:30,545 [WARN] ConditionMgr:1044 - genDependencies : Invalid condition id : UX DEVICE CLASS RTOS Condition cause : null
2025-03-29 16:26:30,545 [WARN] ConditionMgr:1044 - genDependencies : Invalid condition id : UX DEVICE CLASS RTOS Condition cause : null
2025-03-29 16:26:30,562 [WARN] PackLoader:240 - Cannot read IP mode file for STMicroelectronics.X-CUBE-GNSS1.7.0.1
2025-03-29 16:26:30,578 [WARN] PackLoader:240 - Cannot read IP mode file for STMicroelectronics.X-CUBE-TOUCHGFX.4.25.0
2025-03-29 16:26:30,596 [WARN] PackLoader:240 - Cannot read IP mode file for STMicroelectronics.FP-SNS-STBOX1.2.0.0
2025-03-29 16:26:30,620 [WARN] PackLoader:240 - Cannot read IP mode file for STMicroelectronics.X-CUBE-SUBG2.5.0.0
2025-03-29 16:26:30,636 [WARN] PackLoader:240 - Cannot read IP mode file for STMicroelectronics.X-CUBE-AZRTOS-H7RS.1.1.0
2025-03-29 16:26:30,643 [WARN] PackLoader:240 - Cannot read IP mode file for Cesanta.I-CUBE-Mongoose.7.13.0
2025-03-29 16:26:30,673 [WARN] PackLoader:240 - Cannot read IP mode file for STMicroelectronics.X-CUBE-AZRTOS-G4.2.0.0
2025-03-29 16:26:30,680 [WARN] PackLoader:240 - Cannot read IP mode file for wolfSSL.I-CUBE-wolfSSH.1.4.20
2025-03-29 16:26:30,704 [WARN] PackLoader:240 - Cannot read IP mode file for STMicroelectronics.X-CUBE-IPS.3.1.0
2025-03-29 16:26:30,728 [WARN] PackLoader:240 - Cannot read IP mode file for STMicroelectronics.X-CUBE-ALS.1.0.2
2025-03-29 16:26:30,748 [WARN] PackLoader:240 - Cannot read IP mode file for portGmbH.I-Cube-SoM-uGOAL.1.1.0
2025-03-29 16:26:30,784 [WARN] PackLoader:240 - Cannot read IP mode file for STMicroelectronics.X-CUBE-AZRTOS-H7RS.1.0.0
2025-03-29 16:26:30,812 [WARN] PackLoader:240 - Cannot read IP mode file for STMicroelectronics.X-CUBE-TOF1.3.4.2
2025-03-29 16:26:30,825 [INFO] ThirdParty:978 - Integrity check success = true
2025-03-29 16:26:30,826 [INFO] IntegrityCheckThread:100 - exiting critical section [integrity check]
2025-03-29 16:26:30,826 [INFO] IntegrityCheckThread:103 - End integrity checks thread
2025-03-29 16:26:36,040 [ERROR] LogOutputStream:75 - [STDERR_REDIRECT] 
